<?xml version="1.0" encoding="UTF-8"?>
<!-- Generated by org.testng.reporters.JUnitReportReporter -->
<testsuite hostname="DESKTOP-B8KD7OC" failures="0" tests="2" name="Tests.AppstoreTests" time="71.714" errors="0" timestamp="14 May 2022 12:18:25 GMT" skipped="1">
  <testcase classname="Tests.AppstoreTests" name="Make_Sure_That_User_Can_Navigate_To_Education_Screen_Correctly" time="71.714"/>
  <testcase classname="Tests.AppstoreTests" name="Make_Sure_That_User_Can_Navigate_To_APPS_Screen_Correctly">
    <skipped/>
  </testcase> <!-- Make_Sure_That_User_Can_Navigate_To_APPS_Screen_Correctly -->
</testsuite> <!-- Tests.AppstoreTests -->
