<?xml version="1.0" encoding="UTF-8"?>
<!-- Generated by org.testng.reporters.JUnitReportReporter -->
<testsuite hostname="DESKTOP-B8KD7OC" failures="0" tests="1" name="Tests.Appstore" time="35.575" errors="0" timestamp="14 May 2022 10:33:09 GMT" skipped="0">
  <testcase classname="Tests.Appstore" name="Make_Sure_That_User_Can_Navigate_To_APPS_Screen_Correctly" time="35.575"/>
</testsuite> <!-- Tests.Appstore -->
